    1  passwd
    2  wget https://s3.amazonaws.com/amazon-reviews-pds/tsv/amazon_reviews_us_Books_v1_02.tsv.gz
    3  ls
    4  mkdir ws1
    5  cd ws1
    6  git init
    7  touch newfile.txt
    8  git status
    9  git commit -m "first commit"
   10  git config --list
   11  git config --global user.email "theluc04@yahoo.com"
   12  git config --global user.name "luc"
   13  git config --list
   14  git remote add origin https://github.com/poke8014/ws1.git
   15  git branch -M main
   16  git push -u origin main
   17  git commit -m "first commit"
   18  ls
   19  git init
   20  git status
   21  git add .
   22  git commit -m "first commit"
   23  git remote add origin https://github.com/poke8014/ws1.git
   24  git branch -M main
   25  git push -u origin main
   26  git branch -M main
   27  git push -u origin main
   28  git pull origin master
   29  git pull 
   30  git log
   31  history > cmds.log
   32  git add .
   33  ls
   34  git rm newfile.txt
   35  ls
   36  history > cmds.log
