  643  awk -F '\t' '{print$1}' authors_and_reference_id_tweets_unsorted.txt 
  644  paste all_retweet_author_ids_unsorted.txt all_referenced_tweet_ids_unsorted.txt
  645  paste all_retweet_author_ids_unsorted.txt all_referenced_tweet_ids_unsorted.txt > authors_and_reference_id_tweets_unsorted.txt
  646  awk 'NR==FNR{a[$1];next} $1 in a{print $2"\t"$1}' referenced_tweet_id.txt tweets_original.tsv > original_author_and_tweet_ids_unsorted.txt 
  647  less original_author_and_tweet_ids_unsorted.txt 
  648  awk 'NR==FNR{a[$1];next} $1 in a{print $2"\t"$1}' referenced_tweet_id.txt tweets_original.tsv | sort -k 2
  649  awk 'NR==FNR{a[$1];next} $1 in a{print $2"\t"$1}' referenced_tweet_id.txt tweets_original.tsv | sort -k 2> original_author_and_tweet_ids_sorted.txt
  650  paste all_retweet_author_ids_unsorted.txt all_referenced_tweet_ids_unsorted.txt | sort -k 2 > authors_and_reference_id_tweets_sorted.txt
  651  less authors_and_reference_id_tweets_sorted.txt 
  652  paste all_retweet_author_ids_unsorted.txt all_referenced_tweet_ids_unsorted.txt | sort -k 2 > authors_and_reference_id_tweets_sorted.txt
  653  less authors_and_reference_id_tweets_sorted.txt 
  654  join -1 2 -2 2 authors_and_reference_id_tweets_sorted.txt original_author_and_tweet_ids_sorted.txt 
  655  join <(sort -k 2 authors_and_reference_id_tweets_unsorted.txt) <(sort -k 2 original_author_and_tweet_ids_unsorted.txt)
  656  ls
  657  awk 'NR==FNR{a[$2]=$2; next}{$2=a[$1]; print}' original_author_and_tweet_ids_sorted.txt authors_and_reference_id_tweets_sorted.txt 
  658  awk 'NR==FNR{a[$2]=$1; next}{$2=a[$1]; print}' original_author_and_tweet_ids_sorted.txt authors_and_reference_id_tweets_sorted.txt 
  659  tail original_author_and_tweet_ids_sorted.txt 
  660  head original_author_and_tweet_ids_sorted.txt 
  661  cat original_author_and_tweet_ids_sorted.txt 
  662  ls
  663  cat authors_and_reference_id_tweets_sorted.txt 
  664  ls
  665  rm all*.txt
  666  ls
  667  rm au*.txt
  668  ls
  669  rm ori*.txt
  670  ls
  671  rm referenced_tweet_id.txt 
  672  rm top_retweeted_users.txt 
  673  ls
  674  fgrep "retweeted" tweets.tsv | awk -F '\t' '{if ($2!=$6){print $5}}' | sed -e 's/.*id=\(.*\)type.*/\1/' > all_referenced_tweet_ids_unsorted.txt
  675  less all_referenced_tweet_ids_unsorted.txt 
  676  tail all_referenced_tweet_ids_unsorted.txt 
  677  fgrep "retweeted" tweets.tsv | awk -F '\t' '{if ($2!=$6){print $2}}' > all_retweet_author_ids_unsorted.txt
  678  head all_retweet_author_ids_unsorted.txt 
  679  cat all_retweet_author_ids_unsorted.txt 
  680  paste all_referenced_tweet_ids_unsorted.txt all_retweet_author_ids_unsorted.txt | sort > reference_tweet_and_author_ids_sorted.txt
  681  cat reference_tweet_and_author_ids_sorted.txt 
  682  cat all_retweet_author_ids_unsorted.txt 
  683  cat all_referenced_tweet_ids_unsorted.txt 
  684  head all_referenced_tweet_ids_unsorted.txt 
  685  tail all_referenced_tweet_ids_unsorted.txt 
  686  all_referenced_tweet_ids_unsorted.txt | wc
  687  wc all_referenced_tweet_ids_unsorted.txt 
  688  wc all_retweet_author_ids_unsorted.txt 
  689  ls
  690  cat reference_tweet_and_author_ids_sorted.txt 
  691  fgrep "retweeted" tweets.tsv | awk -F '\t' '{if ($2!=$6){print $5}}' | sed -e 's/.*id=\(.*\) type.*/\1/' > all_referenced_tweet_ids_unsorted.txt
  692  fgrep "retweeted" tweets.tsv | awk -F '\t' '{if ($2!=$6){print $2}}' > all_retweet_author_ids_unsorted.txt
  693  paste all_retweet_author_ids_unsorted.txt all_referenced_tweet_ids_unsorted.txt | sort - k 2 > authors_and_reference_id_tweets_sorted.txt
  694  paste all_retweet_author_ids_unsorted.txt all_referenced_tweet_ids_unsorted.txt | sort -k 2 > authors_and_reference_id_tweets_sorted.txt
  695  cat authors_and_reference_id_tweets_sorted.txt 
  696  grep 1517901421391368194 all_retweet_author_ids_unsorted.txt 
  697  grep 1517901421391368194 all_retweet_author_ids_unsorted.txt | sed -e 's/.*id=\(.*\)type.*/\1/
  698  grep 1517901421391368194 all_retweet_author_ids_unsorted.txt | sed -e 's/.*id=\(.*\)type.*/\1/'
  699  tail all_referenced_tweet_ids_unsorted.txt 
  700  tail tweets.tsv 
  701  grep 1517901421391368194 tweets.tsv 
  702  grep -C 2 1517901421391368194 tweets.tsv 
  703  grep 1517901421391368194 all_retweet_author_ids_unsorted.txt | sed -e 's/\r.*id=\(.*\)type.*/\1/'
  704  grep 1517901421391368194 all_retweet_author_ids_unsorted.txt | sed -e 's/.*id=\(.*\)type.*/\1/'
  705  grep retweeted all_retweet_author_ids_unsorted.txt | sed -e 's/.*id=\(.*\)type.*/\1/'
  706  cat all_retweet_author_ids_unsorted.txt 
  707  ls
  708  rm a*.txt
  709  ls
  710  rm reference_tweet_and_author_ids_sorted.txt 
  711  fgrep "retweeted" tweets.tsv | awk -F '\t' '{if ($2!=$6){print $5}}' | sed -e 's/.*id=\(.*\)type.*/\1/' > all_referenced_tweet_ids_unsorted.txt
  712  cat all_referenced_tweet_ids_unsorted.txt 
  713  head all_referenced_tweet_ids_unsorted.txt 
  714  tail all_referenced_tweet_ids_unsorted.txt 
  715  wc all_referenced_tweet_ids_unsorted.txt 
  716  grep '"' all_referenced_tweet_ids_unsorted.txt 
  717  grep id all_referenced_tweet_ids_unsorted.txt 
  718  fgrep retweeted tweets.tsv | awk -F '\t' '{if ($2!=$6){print $2}}'
  719  fgrep retweeted tweets.tsv | awk -F '\t' '{if ($2!=$6){print $2}}' > all_retweet_author_ids_unsorted.txt
  720  ls
  721  grep '"' all_retweet_author_ids_unsorted.txt 
  722  wc all_referenced_tweet_ids_unsorted.txt 
  723  wv all_retweet_author_ids_unsorted.txt 
  724  wc all_retweet_author_ids_unsorted.txt 
  725  paste all_referenced_tweet_ids_unsorted.txt all_retweet_author_ids_unsorted.txt 
  726  paste all_referenced_tweet_ids_unsorted.txt all_retweet_author_ids_unsorted.txt | sort -k 2
  727  grep 1517901421391368194 all_referenced_tweet_ids_unsorted.txt 
  728  grep 1517901421391368194 all_retweet_author_ids_unsorted.txt 
  729  grep 1517901421391368194 tweets.tsv 
  730  grep -C 2 1517901421391368194 tweets.tsv 
  731  grep 1517943631189057539 all_referenced_tweet_ids_unsorted.txt 
  732  grep 1517943631189057539 all_retweet_author_ids_unsorted.txt 
  733  grep 1517943631189057539 tweets.tsv 
  734  grep "" all_retweet_author_ids_unsorted.txt 
  735  grep '\n' all_referenced_tweet_ids_unsorted.txt 
  736  grep '\n' all_retweet_author_ids_unsorted.txt 
  737  grep '^$' all_referenced_tweet_ids_unsorted.txt 
  738  wc all_referenced_tweet_ids_unsorted.txt 
  739  wc all_retweet_author_ids_unsorted.txt 
  740  awk '!^$' all_referenced_tweet_ids_unsorted.txt 
  741  grep '\n' all_retweet_author_ids_unsorted.txt 
  742  grep '^$' all_referenced_tweet_ids_unsorted.txt 
  743  wc all_referenced_tweet_ids_unsorted.txt 
  744  wc all_retweet_author_ids_unsorted.txt 
  745  awk '!^$' all_referenced_tweet_ids_unsorted.txt > all_referenced_tweet_ids_unsorted.txt 
  746  awk '!/^$/' all_referenced_tweet_ids_unsorted.txt > all_referenced_tweet_ids_unsorted.txt 
  747  wc all_referenced_tweet_ids_unsorted.txt 
  748  fgrep "retweeted" tweets.tsv | awk -F '\t' '{if ($2!=$6){print $5}}' | sed -e 's/.*id=\(.*\)type.*/\1/' | awk '!/^$/'
  749  fgrep "retweeted" tweets.tsv | awk -F '\t' '{if ($2!=$6){print $5}}' | sed -e 's/.*id=\(.*\)type.*/\1/' | awk '!/^$/' > all_referenced_tweet_ids_unsorted_error_removed.txt
  750  cat all_referenced_tweet_ids_unsorted_error_removed.txt 
  751  wc all_referenced_tweet_ids_unsorted.txt 
  752  fgrep "retweeted" tweets.tsv | awk -F '\t' '{if ($2!=$6){print $5}}' | sed -e 's/.*id=\(.*\)type.*/\1/' > all_referenced_tweet_ids_unsorted.txt
  753  wc all_referenced_tweet_ids_unsorted.txt 
  754  wc all_referenced_tweet_ids_unsorted_error_removed.txt 
  755  fgrep "retweeted" tweets.tsv | awk -F '\t' '{if ($2!=$6){print $2}}' | awk '!/id/' > all_retweet_author_ids_unsorted_erro_removed.txt
  756  wc all_retweet_author_ids_unsorted.txt 
  757  wc all_retweet_author_ids_unsorted_erro_removed.txt 
  758  ls
  759  rm all_referenced_tweet_ids_unsorted.txt 
  760  rm all_retweet_author_ids_unsorted.txt 
  761  ls
  762  paste all_referenced_tweet_ids_unsorted_error_removed.txt all_retweet_author_ids_unsorted_erro_removed.txt | sort > reference_tweet_and_author_ids_sorted.txt
  763  awk 'NR==FNR{a[$1];next} $1 in a{print $2"\t"$1}' referenced_tweet_id.txt tweets_original.tsv
  764  awk 'NR==FNR{a[$1];next} $1 in a{print $1"\t"$2}' all_referenced_tweet_ids_unsorted_error_removed.txt tweets_original.tsv
  765  awk 'NR==FNR{a[$1];next} $1 in a{print $1"\t"$2}' all_referenced_tweet_ids_unsorted_error_removed.txt tweets_original.tsv | sort
  766  awk 'NR==FNR{a[$1];next} $1 in a{print $1"\t"$2}' all_referenced_tweet_ids_unsorted_error_removed.txt tweets_original.tsv | sort > original_author_and_tweet_ids_sorted.txt
  767  ls
  768  cat original_author_and_tweet_ids_sorted.txt 
  769  tail original_author_and_tweet_ids_sorted.txt 
  770  tail reference_tweet_and_author_ids_sorted.txt 
  771  awk 'NR==FNR{a[$1];next} $1 in a{print $1"\t"$2}' all_referenced_tweet_ids_unsorted_error_removed.txt tweets_original.tsv | sort > original_tweet_and_author_ids_sorted.txt
  772  ls
  773  rm original_author_and_tweet_ids_sorted.txt 
  774  join original_tweet_and_author_ids_sorted.txt reference_tweet_and_author_ids_sorted.txt 
  775  join original_tweet_and_author_ids_sorted.txt reference_tweet_and_author_ids_sorted.txt | awk '{print $2"\t"$3}'
  776  join original_tweet_and_author_ids_sorted.txt reference_tweet_and_author_ids_sorted.txt | awk '{print $2"\t"$3}' > graph1.txt
  777  join original_tweet_and_author_ids_sorted.txt reference_tweet_and_author_ids_sorted.txt | awk '{print $2"\t"$3}' | sort > graph1.txt
  778  cat graph1.txt 
  779  ls
  780  awk '{print $1}' graph1.txt | uniq -c | sort -nr | awk '{if ($1>2){print $2}}' > many_retweets.txt
  781  awk 'NR==FNR {a[$1]; next} $1 in a' many_retweets.txt graph1.txt > graph2.txt
  782  cat graph2.txt 
  783  exit
  784  cd ..
  785  cd mnt/scratch/luc/cs131/A4/
  786  awk '{print $1}' graph2.txt | uniq -c > graph3.txt
  787  cat graph3.txt 
  788  ../../../../../etc/gnuplot-5.4.4/src/gnuplot 
  789  ls
  790  rm graph1.svg
  791  rm xyz.png 
  792  ../../../../../etc/gnuplot-5.4.4/src/gnuplot
  793  display ../../../../../etc/gnuplot-5.4.4/src/gnuplot xyz.png 
  794  ls
  795  sort graph3.txt 
  796  wc graph3.txt 
  797  ls
  798  rm xyz.png 
  799  ls
  800  ../../../../../etc/gnuplot-5.4.4/src/gnuplot
  801  exit
  802  echo $DISPLAY
  803  export DISPLAY=:0.0
  804  echo $DISPLAY
  805  cd ../..
  806  cd mnt/scratch/luc/cs131/A4/
  807  ls
  808  ../../../../../etc/gnuplot-5.4.4/src/gnuplot
  809  display ../../../../../etc/gnuplot-5.4.4/src/gnuplot xyz.png 
  810  exit
  811  export DISPLAY=:0.0
  812  cd ../..
  813  cd mnt/scratch/luc/cs131/A4/
  814  ls
  815  display ../../../../../etc/gnuplot-5.4.4/src/gnuplot xyz.png 
  816  cd ..
  817  cd mnt/scratch/luc/cs131/A4/
  818  ls
  819  display ../../../../../etc/gnuplot-5.4.4/src/gnuplot xyz.png 
  820  exit
  821  cd ../..
  822  cd mnt/scratch/luc/cs131/A4/
  823  display ../../../../../etc/gnuplot-5.4.4/src/gnuplot xyz.png
  824  cat xyz.png 
  825  cat graph3.txt 
  826  ls
  827  rm xyz.png 
  828  ../../../../../etc/gnuplot-5.4.4/src/gnuplot
  829  plot 'graph3.txt using (bin($1,binwidth)):(1:0) smooth freq with boxes
  830  plot 'graph3.txt' using (bin($1,binwidth)):(1:0) smooth freq with boxes
  831  plot graph3.txt using (bin($1,binwidth)):(1:0) smooth freq with boxes
  832  ls
  833  rm xyz.png 
  834  ../../../../../etc/gnuplot-5.4.4/src/gnuplot
  835  display ../../../../../etc/gnuplot-5.4.4/src/gnuplot xyz.png 
  836  graph3.txt
  837  sort -rn graph3.txt 
  838  tail graph2.txt 
  839  tail many_retweets.txt 
  840  sl
  841  ls
  842  rm graph*.txt
  843  ls
  844  rm xyz.png 
  845  ls
  846  join original_tweet_and_author_ids_sorted.txt reference_tweet_and_author_ids_sorted.txt | awk '{print $2"\t"$3}' | sort > graph1.txt
  847  tail graph1.txt 
  848  grep 18831926 graph1.txt 
  849  grep 18831926 tweets.tsv 
  850  grep 18831926 tweets_original.tsv 
  851  grep 18831926 original_tweet_and_author_ids_sorted.txt 
  852  grep 1520260506262593539 reference_tweet_and_author_ids_sorted.txt 
  853  grep 1028022611324747776 graph1.txt 
  854  ls
  855  rm *.txt
  856  ls
  857  fgrep "retweeted" tweets.tsv | awk -F '\t' '{if ($2!=$6){print $5}}' | sed -e 's/.*id=\(.*\)type.*/\1/' | awk '!/^$/' > all_referenced_tweet_ids_unsorted_error_removed.txt
  858  fgrep "retweeted" tweets.tsv | awk -F '\t' '{if ($2!=$6){print $2}}' | awk '!/id/' > all_retweet_author_ids_unsorted_error_removed.txt
  859  paste all_referenced_tweet_ids_unsorted_error_removed.txt all_retweet_author_ids_unsorted_error_removed.txt | sort > reference_tweet_and_author_ids_sorted.txt
  860  awk 'NR==FNR{a[$1];next} $1 in a{print $1"\t"$2}' all_referenced_tweet_ids_unsorted_error_removed.txt tweets_original.tsv | sort > original_author_and_tweet_ids_sorted.txt
  861  join original_author_and_tweet_ids_sorted.txt reference_tweet_and_author_ids_sorted.txt | awk '{print $2"\t"$3}'
  862  awk 'NR==FNR{a[$1];next} $1 in a{print $1"\t"$2}' all_referenced_tweet_ids_unsorted_error_removed.txt tweets_original.tsv | sort > original_tweet_and_author_ids_sorted.txt
  863  ls
  864  rm original_author_and_tweet_ids_sorted.txt 
  865  ls
  866  join original_tweet_and_author_ids_sorted.txt reference_tweet_and_author_ids_sorted.txt 
  867  join original_tweet_and_author_ids_sorted.txt reference_tweet_and_author_ids_sorted.txt | awk '{print $2"\t"$3}' | sort > graph1.txt
  868  awk '{print $1}' graph1.txt | uniq -c | sort -nr | awk '{if ($1>2){print $2}}' > many_retweets.txt
  869  awk 'NR==FNR {a[$1]; next} $1 in a' many_retweets.txt graph1.txt > graph2.txt
  870  awk '{print $1}' graph2.txt | uniq -c
  871  awk '{print $1}' graph2.txt | uniq -c > graph3.txt
  872  ../../../../../etc/gnuplot-5.4.4/src/gnuplot
  873  display ../../../../../etc/gnuplot-5.4.4/src/gnuplot xyz.png 
  874  ../../../../../etc/gnuplot-5.4.4/src/gnuplot
  875  display ../../../../../etc/gnuplot-5.4.4/src/gnuplot xyz.png
  876  awk 'NR==FNR {map[$2] = $0; next} $2 in map {print $0, map[$2]}' tweets_original.tsv graph2.txt | cut -f 5 | tr -d '"' | tr ',' '\n' | sort | uniq -c | sort -nr | head -30 > q4.txt
  877  tail q4.txt 
  878  head q4.txt 
  879  cut -f 4 downloaded_tweets_extend_nolf2.tsv | tr -d '"' | tr ',' '\n' | sort | uniq -c | sort -nr | head -30 > A2q5.txt
  880  cut -f 4 tweets.tsv | tr -d '"' | tr ',' '\n' | sort | uniq -c | sort -nr | head -30 > A2q5.txt
  881  vimdiff <(awk '{print $2}' A2q5.txt | sort) <(awk '{print $2}' q4.txt | sort)
  882  cd ../../..
  883  cd ..
  884  ls
  885  cd etc/
  886  ls
  887  cd ..
  888  ls
  889  cd bin
  890  ls
  891  cd ..
  892  ls
  893  cd sbin/
  894  ls
  895  cd ..
  896  cd mnt/scratch/luc/
  897  ls
  898  cd cs131/
  899  ls
  900  cd A4/
  901  ls
  902  scp thelu graph1.txt Downloads
  903  scp thelu graph1.txt /c/Users/thelu/Downloads
  904  scp thelu graph1.txt /Users/thelu/Downloads
  905  scp thelu graph1.txt thelu/Downloads
  906  scp thelu graph1.txt /Downloads
  907  scp -r thelu graph1.txt /Downloads
  908  pwd
  909  ls
  910  sort graph3.txt 
  911  ls
  912  grep 524869533 graph1.txt 
  913  ls
  914  sort graph3.txt 
  915  grep 1238370241169616897 graph1.txt 
  916  grep 1238370241169616897 graph1
  917  grep 1238370241169616897 graph1.txt 
  918  grep 1238370241169616897 graph1.txt | uniq
  919  grep 1238370241169616897 graph1.txt | uniq | sed 's/,/\t/g'
  920  grep 1238370241169616897 graph1.txt | uniq | sed 's/\t/,/g'
  921  grep 1238370241169616897 graph1.txt | uniq | sed 's/\t/,/g' > retweeted_user_connections.csv
  922  ls
  923  cd ~
  924  ls
  925  cd cs131
  926  ls
  927  cd A3
  928  ls
  929  cd /mnt
  930  cd scratch/luc/cs131/A4/
  931  ls
  932  awk -F '\t' '$6 != "" && NR>1 {print $6"\t"$2}' tweets_original.tsv | sort > replies1.tsv
  933  grep 1238370241169616897 replies1.tsv | uniq | sed 's/\t/,/g'
  934  grep 1238370241169616897 replies1.tsv | uniq | sed 's/\t/,/g' > replied_user_connections.csv
  935  exit
  936  exit
  937  script a4.txt
  938  ls
  939  cd A4
  940  ls
  941  cd ..
  942  ls
  943  cd ..
  944  ls
  945  exit
  946  fgrep "retweeted" tweets.tsv | awk -F '\t' '{if ($2!=$6){print $5}}' | sed -e 's/.*id=\(.*\)type.*/\1/' |script a4.txt
  947  cat a4.txt 
  948  ls
  949  rm g*.txt
  950  rm r*
  951  ls
  952  rm A2q5.txt 
  953  rm all*
  954  rm many_retweets.txt 
  955  rm original_tweet_and_author_ids_sorted.txt 
  956  rm q4
  957  rm q4.txt 
  958  ls
  959  cd ..
  960  exit
  961  script a4.txt
  962  exit
  963  ls
  964  cd cs131
  965  ls
  966  awk -F '\t' '$6 != "" && NR>1 {print $6"\t"$2}' tweets_original.tsv| sort > graph1.tsv
  967  grep 1238370241169616897 graph1.tsv
  968  exit
  969  grep 0262181533 ../../amazon_reviews_us_Books_v1_02.tsv | awk -F '\t' {print $14} | sed -r 's/\b(and|or|if|in|it)\b//g;s/[,.:]//g;s/<[^>]*>//g'
  970  grep 0262181533 ../../amazon_reviews_us_Books_v1_02.tsv | awk -F '\t' '{print $14}' | sed -r 's/\b(and|or|if|in|it)\b//g;s/[,.:]//g;s/<[^>]*>//g'
  971  grep 0262181533 ../../amazon_reviews_us_Books_v1_02.tsv | awk -F '\t' '{print $14}' | sed -r 's/\b(and|or|if|in|it)\b//g;s/[,.:]//g;s/<[^>]*>//g' > 0262181533_cleaned.txt
  972  cat 0262181533_cleaned.txt 
  973  grep 0262181533 ../amazon_reviews_us_Books_v1_02.tsv | awk -F '\t' '{print $14}' | sed -r 's/\b(and|or|if|in|it|)\b//g;s/[,.:]//g;s/<[^>]*>//g' > 0262181533_cleaned.txt
  974  grep 0262181533 ../../amazon_reviews_us_Books_v1_02.tsv | awk -F '\t' '{print $14}' | sed -r 's/\b(and|or|if|in|it|)\b//g;s/[,.:]//g;s/<[^>]*>//g'
  975  grep 0262181533 ../../amazon_reviews_us_Books_v1_02.tsv | awk -F '\t' '{print $14}' | sed -r 's/\b(and|or|if|in|it|)\b//g;s/[,.:]//g;s/<[^>]*>//g' > 0262181533_cleaned.txt
  976  cat 0262181533_cleaned.txt 
  977  mkdir ws7
  978  cd ws7
  979  script ws7.txt
  980  history > cmds.log
  981  vi cmds.log 
  982  vi 0262181533_cleaned.txt 
  983  vi ws7.txt 
  984  git status
  985  ls
  986  git add cmds.log 
  987  git add ws7.txt 
  988  git commit -m "completed ws7 with annotations"
  989  git push origin main
  990  git pull
  991  git push origin main
  992  exit
  993  awk -F '\t' '$12 == "Y" {print $0}' ../../amazon_reviews_us_Books_v1_02.tsv > verified.txt
  994  awk -F '\t' '$12 == "N" {print $0}' ../../amazon_reviews_us_Books_v1_02.tsv > unverified.txt
  995  sed -e  's/[^A-Za-z]/ /g' verified.txt | tr 'A-Z' 'a-z' | tr ' ' '\n' | grep -v '^$'| sort | uniq -c | sort -rn | head -100
  996  head -100 unverified.txt | sed -e 's/[^A-Za-z]/ /g' | tr 'A-Z' 'a-z' | tr ' ' '\n' | grep -v '^$'| sort | uniq -c | sort -rn | head -100
  997  awk -F '\t' '$12 == "Y" {print $0}' ../../amazon_reviews_us_Books_v1_02.tsv | head -100 > verified.txt
  998  awk -F '\t' '$12 == "N" {print $0}' ../../amazon_reviews_us_Books_v1_02.tsv | head -100 > unverified.txt
  999  sed -e 's/[^A-Za-z]/ /g' verified.txt | tr 'A-Z' 'a-z' | tr ' ' '\n' | grep -v '^$'| sort | uniq -c | sort -rn | head -100
 1000  sed -e 's/[^A-Za-z]/ /g' unverified.txt | tr 'A-Z' 'a-z' | tr ' ' '\n' | grep -v '^$'| sort | uniq -c | sort -rn | head -100
 1001  history > ~/cs131/ws8/cmds.log
