    1  passwd
    2  wget https://s3.amazonaws.com/amazon-reviews-pds/tsv/amazon_reviews_us_Books_v1_02.tsv.gz
    3  ls
    4  mkdir ws1
    5  cd ws1
    6  git init
    7  touch newfile.txt
    8  git status
    9  git commit -m "first commit"
   10  git config --list
   11  git config --global user.email "theluc04@yahoo.com"
   12  git config --global user.name "luc"
   13  git config --list
   14  git remote add origin https://github.com/poke8014/ws1.git
   15  git branch -M main
   16  git push -u origin main
   17  git commit -m "first commit"
   18  ls
   19  git init
   20  git status
   21  git add .
   22  git commit -m "first commit"
   23  git remote add origin https://github.com/poke8014/ws1.git
   24  git branch -M main
   25  git push -u origin main
   26  git branch -M main
   27  git push -u origin main
   28  git pull origin master
   29  git pull 
   30  git log
   31  history > cmds.log
   32  git add .
   33  ls
   34  git rm newfile.txt
   35  ls
   36  history > cmds.log
   37  ls
   38  git add .
   39  git status
   40  git commit -m "log file added"
   41  git push -u origin master
   42  git push
   43  exit
   44  exit
   45  ls
   46  cd cs131
   47  git checkout main
   48  mkdir a1
   49  mv a1 A1
   50  echo $HOME
   51  id -u
   52  id -Gn
   53  id -u username
   54  id -u luc
   55  groups
   56  ls
   57  cd A1
   58  id luc
   59  mkdir temp
   60  chmod g-x temp
   61  cd temp
   62  ls
   63  cd ..
   64  ls
   65  ls -l
   66  cd temp
   67  ls -l
   68  cd ..
   69  chmod u-x temp
   70  ls temp
   71  ls
   72  ls temp
   73  cd temp
   74  ls
   75  mkdir temp2
   76  mv temp2 temp3
   77  ls
   78  mkdir temp2
   79  mv temp2 temp3
   80  ls
   81  cd temp3
   82  ls
   83  cd ..
   84  cd temp3
   85  rmdir temp2
   86  ls
   87  cd ..
   88  cp -R temp3 temp3cp
   89  ls
   90  cp -R temp tempcp
   91  ls
   92  cp temp3 temp4
   93  cd temp
   94  touch test.txt temp
   95  ls -l temp
   96  ls
   97  touch temp/test.txt
   98  rm test.txt
   99  rm temp3cp
  100  redir temp3cp
  101  rmdir temp3cp
  102  rmdir tempcp
  103  ls -l /proc/meminfo 
  104  ls -l /proc/
  105  ls /proc/cpuinfo 
  106  head /proc/meminfo
  107  head /proc/cpuinfo 
  108  tail /proc/cpuinfo 
  109  cd ..
  110  ls
  111  mv a1.txt A1
  112  cp /home/test/A1/downloaded_hashtags_extend.csv .
  113  ls
  114  mv downloaded_hashtags_extend.csv A1
  115  cd A1
  116  ls -l downloaded_hashtags_extend.csv 
  117  stat downloaded_hashtags_extend.csv 
  118  wc -l downloaded_hashtags_extend.csv 
  119  grep -i "great" downloaded_hashtags_extend.csv | wc
  120  grep -i "Great" downloaded_hashtags_extend.csv
  121  grep -i "Great" downloaded_hashtags_extend.csv | wc -w
  122  vi downloaded_hashtags_extend.csv 
  123  grep -i great downloaded_hashtags_extend.csv
  124  grep -c great downloaded_hashtags_extend.csv 
  125  grep -i -c great downloaded_hashtags_extend.csv 
  126  grep -i -c 2 great downloaded_hashtags_extend.csv 
  127  file downloaded_hashtags_extend.csv 
  128  iconv downloaded_hashtags_extend.csv 
  129  file downloaded_hashtags_extend.csv 
  130  iconv -f utf-8 -t ascii//TRANSLIT downloaded_hashtags_extend.csv > twitter-ascii.csv
  131  ls
  132  vi twitter-ascii.csv 
  133  grep -i great downloaded_hashtags_extend.csv | sort -uniq
  134  grep -i great downloaded_hashtags_extend.csv | sort -u
  135  grep -i great downloaded_hashtags_extend.csv | sort -u | wc
  136  grep -i great downloaded_hashtags_extend.csv | uniq -c
  137  grep -i great downloaded_hashtags_extend.csv | sort -n | uniq | wc
  138  cut -d',' downloaded_hashtags_extend.csv 
  139  cut -d ',' downloaded_hashtags_extend.csv 
  140  cut --help
  141  awk -F ',' '{print $1}' downloaded_hashtags_extend.csv | sort | uniq -c
  142  awk -F ',' '{print $1}' downloaded_hashtags_extend.csv | sort | uniq -c | wc
  143  awk -F ',' '{print $4}' downloaded_hashtags_extend.csv | sort | uniq -c | wc
  144  awk -F ',' '{print $2}' downloaded_hashtags_extend.csv | sort | uniq -c | wc
  145  grep -i great downloaded_hashtags_extend.csv | sort | uniq -c | wc
  146  grep -i great downloaded_hashtags_extend.csv | sort | uniq -c 
  147  cut -f2 ',' downloaded_hashtags_extend.csv | sort | uniq
  148  cut -f2 ',' downloaded_hashtags_extend.csv | sort -u | grep -i great
  149  cut -f2 ',' downloaded_hashtags_extend.csv | sort -u
  150  cut -d ',' -f2 downloaded_hashtags_extend.csv | sort | uniq
  151  cut -d ',' -f2 downloaded_hashtags_extend.csv | sort | uniq | grep -i great
  152  cut -d ',' -f2 downloaded_hashtags_extend.csv | sort | uniq | grep -i great | wc -l
  153  echo $HOME
  154  id luc
  155  mkdir temp
  156  chmod u-x temp
  157  cd temp
  158  ls
  159  ls -l temp
  160  touch temp/test.txt
  161  mkdir temp2
  162  mv temp2 temp3
  163  cp temp3 temp2
  164  ls /proc/meminfo 
  165  ls /proc/cpuinfo 
  166  head /proc/meminfo 
  167  head /proc/cpuinfo 
  168  tail /proc/cpuinfo 
  169  cat /proc/cpuinfo 
  170  cp  ~test/A1/downloaded_hashtags_extend.csv .
  171  ls
  172  ls -l downloaded_hashtags_extend.csv 
  173  wc -l downloaded_hashtags_extend.csv 
  174  cut -d ',' -f2 downloaded_hashtags_extend.csv | sort | uniq | grep -i great
  175  cut -d ',' -f2 downloaded_hashtags_extend.csv | sort | uniq | grep -i great | wc
  176  file downloaded_hashtags_extend.csv 
  177  iconv -f utf-8 -t ascii//TRANSLIT downloaded_hashtags_extend.csv > twitter-ascii.csv
  178  awk -F ',' '{print $1}' twitter-ascii.csv | sort | uniq -c
  179  awk -F ',' '{print $1}' twitter-ascii.csv | sort | uniq -c | wc
  180  awk -F ',' '{print $4}' twitter-ascii.csv | sort | uniq -c | wc
  181  awk -F ',' '{print $2}' twitter-ascii.csv | sort | uniq -c | wc
  182  script a1.txt
  183  more a1.txt
  184  ls
  185  A1
  186  cd A1
  187  ls
  188  more a1.txt
  189  cd ..
  190  ls
  191  rmdir -rf A1
  192  rm -rf A1
  193  ls
  194  cd cs131
  195  mkdir A1
  196  cd A1
  197  script a1.txt
  198  vi a1.txt 
  199  cd ..
  200  rm -rf .git
  201  cd cs131
  202  git init
  203  git status
  204  cd A1
  205  git status
  206  cd ..
  207  git status
  208  git add ws1/
  209  rm ws1 Ws1
  210  mv ws1 Ws1
  211  git add Ws1/
  212  ls
  213  mv Ws1 ws1
  214  cd ws1
  215  git status
  216  cd ..
  217  mv cs131 temp
  218  cd ..
  219  mv cs131 temp
  220  ls
  221  temp
  222  cd temp
  223  ls
  224  mv ws1 cs131
  225  ls
  226  cd cs131
  227  ls
  228  mkdir ws1
  229  mv cmds.log ws1
  230  ls
  231  cd ..
  232  ls
  233  mv A1 cs131
  234  mv cmds.log cs131
  235  ls
  236  cd cs131
  237  ls
  238  mkdir ws2
  239  mv cmds.log ws2
  240  ls
  241  cd ..
  242  ls
  243  cd cs131
  244  ls
  245  cd A1
  246  ls
  247  cd ..
  248  ls
  249  git status
  250  git add ws1/ ws2/
  251  cd A1
  252  ls
  253  cd ..
  254  git add A1/a1.txt
  255  git status
  256  git commit -m "renamed repo + completed ws2 and a1"
  257  git push origin main
  258  git pull main
  259  git pull origin main
  260  ls
  261  cd ..
  262  ls
  263  mv cs131 /luc/home
  264  echo $HOME
  265  mv cs131 /home/luc
  266  ls
  267  cd ..
  268  ls
  269  rmdir temp
  270  cd temp
  271  ls
  272  cd ..
  273  rm -rf temp
  274  ls
  275  cd cs131
  276  ls
  277  cut -d "	" -f 2 ../../amazon_reviews_us_Books_v1_02.tsv | sort | uniq -c | sort -nr > cust-review.txt
  278  head -3 cust-review.txt 
  279  cut -d "	" -f 6 ../../amazon_reviews_us_Books_v1_02.tsv | sort | uniq -c | sort -nr > tot_reviews.txt
  280  head -3 tot_reviews.txt 
  281  history > cmds.log
  282  script ws3.txt
  283  more ws3.txt
  284  cat ws3.txt
  285  ls
  286  vi ws3.txt
  287  cd ..
  288  ls
  289  git status
  290  git add ws3/cmds.log
  291  git add ws3/ws3.txt
  292  git push -m "added ws3"
  293  git commit -m "added ws3"
  294  git push origin main
  295  quit
  296  exit
  297  mkdir ws4
  298  cd ws4
  299  vi ~/.bashrc
  300  mkdir CUSTOMERS
  301  mkdir PRODUCTS
  302  fgrep -h "50608834" ../../amazon_reviews_us_Books_v1_02.tsv | awk -F '	' '{print $9}' > 50608834.txt
  303  fgrep -h "50068216" ../../amazon_reviews_us_Books_v1_02.tsv | awk -F '	' '{print $9}' > 50068216.txt
  304  fgrep -h "51147790" ../../amazon_reviews_us_Books_v1_02.tsv | awk -F '	' '{print $9}' > 51147790.txt
  305  mv 50608834.txt CUSTOMERS
  306  mv 50068216.txt CUSTOMERS
  307  mv 51147790.txt CUSTOMERS
  308  fgrep -h "0446677450" ../../amazon_reviews_us_Books_v1_02.tsv | awk -F '	' '{print $9}' > PRODUCTS/0446677450.txt
  309  fgrep -h "0671027360" ../../amazon_reviews_us_Books_v1_02.tsv | awk -F '	' '{print $9}' > PRODUCTS/0671027360.txt
  310  fgrep -h "0679781587" ../../amazon_reviews_us_Books_v1_02.tsv | awk -F '	' '{print $9}' > PRODUCTS/0679781587.txt
  311  awk '{total+=$1; count++} END {print total/count}' PRODUCTS/50608834.txt
  312  cd PRODUCTS
  313  ls
  314  cd ..
  315  awk '{total+=$1; count++} END {print total/count}' CUSTOMERS/50608834.txt 
  316  awk '{total+=$1; count++} END {print total/count}' CUSTOMERS/50068216.txt 
  317  awk '{total+=$1; count++} END {print total/count}' CUSTOMERS/51147790.txt 
  318  awk '{total+=$1; count++} END {print total/count}' PRODUCTS/0446677450.txt 
  319  awk '{total+=$1; count++} END {print total/count}' PRODUCTS/0671027360.txt 
  320  awk '{total+=$1; count++} END {print total/count}' PRODUCTS/0679781587.txt 
  321  history > cmds.log
